Using pre-set license
Built from '2022.1/staging' branch; Version is '2022.1.16f1 (7321c9670bc2) revision 7545289'; Using compiler version '192829333'; Build Type 'Release'
OS: 'Windows 10  (10.0.19043) 64bit CoreSingleLanguage' Language: 'ru' Physical Memory: 16262 MB
BatchMode: 1, IsHumanControllingUs: 0, StartBugReporterOnCrash: 0, Is64bit: 1, IsPro: 1

COMMAND LINE ARGUMENTS:
D:\ghfdhgf\2022.1.16f1\Editor\Unity.exe
-adb2
-batchMode
-noUpm
-name
AssetImportWorker5
-projectPath
D:/unti/My project (15)
-logFile
Logs/AssetImportWorker5.log
-srvPort
59060
Successfully changed project path to: D:/unti/My project (15)
D:/unti/My project (15)
[UnityMemory] Configuration Parameters - Can be set up in boot.config
    "memorysetup-bucket-allocator-granularity=16"
    "memorysetup-bucket-allocator-bucket-count=8"
    "memorysetup-bucket-allocator-block-size=33554432"
    "memorysetup-bucket-allocator-block-count=8"
    "memorysetup-main-allocator-block-size=16777216"
    "memorysetup-thread-allocator-block-size=16777216"
    "memorysetup-gfx-main-allocator-block-size=16777216"
    "memorysetup-gfx-thread-allocator-block-size=16777216"
    "memorysetup-cache-allocator-block-size=4194304"
    "memorysetup-typetree-allocator-block-size=2097152"
    "memorysetup-profiler-bucket-allocator-granularity=16"
    "memorysetup-profiler-bucket-allocator-bucket-count=8"
    "memorysetup-profiler-bucket-allocator-block-size=33554432"
    "memorysetup-profiler-bucket-allocator-block-count=8"
    "memorysetup-profiler-allocator-block-size=16777216"
    "memorysetup-profiler-editor-allocator-block-size=1048576"
    "memorysetup-temp-allocator-size-main=16777216"
    "memorysetup-job-temp-allocator-block-size=2097152"
    "memorysetup-job-temp-allocator-block-size-background=1048576"
    "memorysetup-job-temp-allocator-reduction-small-platforms=262144"
    "memorysetup-temp-allocator-size-background-worker=32768"
    "memorysetup-temp-allocator-size-job-worker=262144"
    "memorysetup-temp-allocator-size-preload-manager=33554432"
    "memorysetup-temp-allocator-size-nav-mesh-worker=65536"
    "memorysetup-temp-allocator-size-audio-worker=65536"
    "memorysetup-temp-allocator-size-cloud-worker=32768"
    "memorysetup-temp-allocator-size-gi-baking-worker=262144"
    "memorysetup-temp-allocator-size-gfx=262144"
Refreshing native plugins compatible for Editor in 96.06 ms, found 3 plugins.
Preloading 0 native plugins for Editor in 0.00 ms.
Initialize engine version: 2022.1.16f1 (7321c9670bc2)
[Subsystems] Discovering subsystems at path D:/ghfdhgf/2022.1.16f1/Editor/Data/Resources/UnitySubsystems
[Subsystems] Discovering subsystems at path D:/unti/My project (15)/Assets
GfxDevice: creating device client; threaded=0; jobified=0
Direct3D:
    Version:  Direct3D 11.0 [level 11.1]
    Renderer: NVIDIA GeForce GTX 1060 (ID=0x1c20)
    Vendor:   NVIDIA
    VRAM:     6052 MB
    Driver:   31.0.15.2225
Initialize mono
Mono path[0] = 'D:/ghfdhgf/2022.1.16f1/Editor/Data/Managed'
Mono path[1] = 'D:/ghfdhgf/2022.1.16f1/Editor/Data/MonoBleedingEdge/lib/mono/unityjit-win32'
Mono config path = 'D:/ghfdhgf/2022.1.16f1/Editor/Data/MonoBleedingEdge/etc'
Using monoOptions --debugger-agent=transport=dt_socket,embedding=1,server=y,suspend=n,address=127.0.0.1:56380
Begin MonoManager ReloadAssembly
Registering precompiled unity dll's ...
Register platform support module: D:/ghfdhgf/2022.1.16f1/Editor/Data/PlaybackEngines/WindowsStandaloneSupport/UnityEditor.WindowsStandalone.Extensions.dll
Registered in 0.002825 seconds.
Native extension for WindowsStandalone target not found
Refreshing native plugins compatible for Editor in 96.55 ms, found 3 plugins.
Preloading 0 native plugins for Editor in 0.00 ms.
Mono: successfully reloaded assembly
- Completed reload, in  0.743 seconds
Domain Reload Profiling:
	ReloadAssembly (744ms)
		BeginReloadAssembly (74ms)
			ExecutionOrderSort (0ms)
			DisableScriptedObjects (0ms)
			BackupInstance (0ms)
			ReleaseScriptingObjects (0ms)
			CreateAndSetChildDomain (1ms)
		EndReloadAssembly (568ms)
			LoadAssemblies (73ms)
			RebuildTransferFunctionScriptingTraits (0ms)
			SetupTypeCache (111ms)
				TypeCache.Initialize (111ms)
					TypeCache.ScanAssembly (109ms)
				ResolveRequiredComponents (0ms)
			ReleaseScriptCaches (0ms)
			RebuildScriptCaches (39ms)
			SetupLoadedEditorAssemblies (298ms)
				LogAssemblyErrors (0ms)
				InitializePlatformSupportModulesInManaged (8ms)
				SetLoadedEditorAssemblies (10ms)
				RefreshPlugins (97ms)
				BeforeProcessingInitializeOnLoad (1ms)
				ProcessInitializeOnLoadAttributes (133ms)
				ProcessInitializeOnLoadMethodAttributes (49ms)
				AfterProcessingInitializeOnLoad (0ms)
				EditorAssembliesLoaded (0ms)
			ExecutionOrderSort2 (0ms)
			AwakeInstancesAfterBackupRestoration (0ms)
Platform modules already initialized, skipping
Registering precompiled user dll's ...
Registered in 0.005154 seconds.
Begin MonoManager ReloadAssembly
Symbol file LoadedFromMemory doesn't match image D:\unti\My project (15)\Library\PackageCache\com.unity.visualscripting@1.7.8\Editor\VisualScripting.Core\Dependencies\YamlDotNet\Unity.VisualScripting.YamlDotNet.dll
Symbol file LoadedFromMemory doesn't match image D:\unti\My project (15)\Library\PackageCache\com.unity.visualscripting@1.7.8\Editor\VisualScripting.Core\Dependencies\DotNetZip\Unity.VisualScripting.IonicZip.dll
Native extension for WindowsStandalone target not found
Refreshing native plugins compatible for Editor in 0.57 ms, found 3 plugins.
Preloading 0 native plugins for Editor in 0.00 ms.
Mono: successfully reloaded assembly
- Completed reload, in  1.051 seconds
Domain Reload Profiling:
	ReloadAssembly (1052ms)
		BeginReloadAssembly (116ms)
			ExecutionOrderSort (0ms)
			DisableScriptedObjects (6ms)
			BackupInstance (0ms)
			ReleaseScriptingObjects (0ms)
			CreateAndSetChildDomain (20ms)
		EndReloadAssembly (826ms)
			LoadAssemblies (84ms)
			RebuildTransferFunctionScriptingTraits (0ms)
			SetupTypeCache (272ms)
				TypeCache.Initialize (266ms)
					TypeCache.ScanAssembly (262ms)
				ResolveRequiredComponents (6ms)
			ReleaseScriptCaches (1ms)
			RebuildScriptCaches (55ms)
			SetupLoadedEditorAssemblies (362ms)
				LogAssemblyErrors (0ms)
				InitializePlatformSupportModulesInManaged (4ms)
				SetLoadedEditorAssemblies (7ms)
				RefreshPlugins (1ms)
				BeforeProcessingInitializeOnLoad (80ms)
				ProcessInitializeOnLoadAttributes (240ms)
				ProcessInitializeOnLoadMethodAttributes (28ms)
				AfterProcessingInitializeOnLoad (3ms)
				EditorAssembliesLoaded (0ms)
			ExecutionOrderSort2 (0ms)
			AwakeInstancesAfterBackupRestoration (14ms)
Platform modules already initialized, skipping
========================================================================
Worker process is ready to serve import requests
Launched and connected shader compiler UnityShaderCompiler.exe after 0.08 seconds
Refreshing native plugins compatible for Editor in 0.91 ms, found 3 plugins.
Preloading 0 native plugins for Editor in 0.00 ms.
Unloading 3405 Unused Serialized files (Serialized files now loaded: 0)
Unloading 26 unused Assets / (58.2 KB). Loaded Objects now: 3865.
Memory consumption went from 0.51 GB to 0.51 GB.
Total: 3.251400 ms (FindLiveObjects: 0.290000 ms CreateObjectMapping: 0.281300 ms MarkObjects: 2.594000 ms  DeleteObjects: 0.085300 ms)

AssetImportParameters requested are different than current active one (requested -> active):
  custom:video-decoder-ogg-theora: a1e56fd34408186e4bbccfd4996cb3dc -> 
  custom:container-muxer-webm: aa71ff27fc2769a1b78a27578f13a17b -> 
  custom:container-demuxer-webm: 4f35f7cbe854078d1ac9338744f61a02 -> 
  custom:video-encoder-webm-vp8: eb34c28f22e8b96e1ab97ce403110664 -> 
  custom:audio-encoder-webm-vorbis: bf7c407c2cedff20999df2af8eb42d56 -> 
  custom:framework-win-MediaFoundation: 216162199b28c13a410421893ffa2e32 -> 
  custom:container-demuxer-ogg: 62fdf1f143b41e24485cea50d1cbac27 -> 
  custom:video-decoder-webm-vp8: 9c59270c3fd7afecdb556c50c9e8de78 -> 
  custom:audio-decoder-ogg-vorbis: bf7c407c2cedff20999df2af8eb42d56 -> 
========================================================================
Received Import Request.
  Time since last request: 933054.593709 seconds.
  path: Assets/Pandazole_Ultimate_Pack/Pandazole Simple Game Pack/Prefabs/BaseballBat_01.prefab
  artifactKey: Guid(158ab0a391ada744fa4d573b410ead6c) Importer(815301076,1909f56bfc062723c751e8b465ee728b)
Start importing Assets/Pandazole_Ultimate_Pack/Pandazole Simple Game Pack/Prefabs/BaseballBat_01.prefab using Guid(158ab0a391ada744fa4d573b410ead6c) Importer(815301076,1909f56bfc062723c751e8b465ee728b)  -> (artifact id: '3e7ad25023fd14775866ebb9d99f679b') in 0.151846 seconds 
========================================================================
Received Import Request.
  Time since last request: 0.000029 seconds.
  path: Assets/Pandazole_Ultimate_Pack/Pandazole Simple Game Pack/Prefabs/Env_Road_Grass_01.prefab
  artifactKey: Guid(623f6e318aac73947a34de78282715b2) Importer(815301076,1909f56bfc062723c751e8b465ee728b)
Start importing Assets/Pandazole_Ultimate_Pack/Pandazole Simple Game Pack/Prefabs/Env_Road_Grass_01.prefab using Guid(623f6e318aac73947a34de78282715b2) Importer(815301076,1909f56bfc062723c751e8b465ee728b)  -> (artifact id: '44766c1f9d85c8a11a863df4f00e3ed1') in 0.014002 seconds 
========================================================================
Received Import Request.
  Time since last request: 0.000041 seconds.
  path: Assets/Pandazole_Ultimate_Pack/Pandazole Simple Game Pack/Prefabs/Food_Carrot.prefab
  artifactKey: Guid(d56f8ac4fabf058479abd159340d1d27) Importer(815301076,1909f56bfc062723c751e8b465ee728b)
Start importing Assets/Pandazole_Ultimate_Pack/Pandazole Simple Game Pack/Prefabs/Food_Carrot.prefab using Guid(d56f8ac4fabf058479abd159340d1d27) Importer(815301076,1909f56bfc062723c751e8b465ee728b)  -> (artifact id: 'b6d349e8d1af845acf7024eb91b7ddad') in 0.031916 seconds 
========================================================================
Received Import Request.
  Time since last request: 0.000035 seconds.
  path: Assets/Pandazole_Ultimate_Pack/Pandazole Simple Game Pack/Prefabs/Bow_01.prefab
  artifactKey: Guid(68137c2112088dd47ad3cb1b2ff2341e) Importer(815301076,1909f56bfc062723c751e8b465ee728b)
Start importing Assets/Pandazole_Ultimate_Pack/Pandazole Simple Game Pack/Prefabs/Bow_01.prefab using Guid(68137c2112088dd47ad3cb1b2ff2341e) Importer(815301076,1909f56bfc062723c751e8b465ee728b)  -> (artifact id: '038c6c00ad84c9fec0b15ff69be044d1') in 0.011803 seconds 
========================================================================
Received Import Request.
  Time since last request: 0.000023 seconds.
  path: Assets/Pandazole_Ultimate_Pack/Pandazole Simple Game Pack/Prefabs/GroundBase_01.prefab
  artifactKey: Guid(d209655c06f7fe040a0f4b8c5c946bcb) Importer(815301076,1909f56bfc062723c751e8b465ee728b)
Start importing Assets/Pandazole_Ultimate_Pack/Pandazole Simple Game Pack/Prefabs/GroundBase_01.prefab using Guid(d209655c06f7fe040a0f4b8c5c946bcb) Importer(815301076,1909f56bfc062723c751e8b465ee728b)  -> (artifact id: 'fd6744d56a9d0d01faa7040d69584e14') in 0.010054 seconds 
========================================================================
Received Import Request.
  Time since last request: 0.000018 seconds.
  path: Assets/Pandazole_Ultimate_Pack/Pandazole Simple Game Pack/Prefabs/Prop_HomeLamp_01.prefab
  artifactKey: Guid(54347665f552b5947b0c94d664faf2bd) Importer(815301076,1909f56bfc062723c751e8b465ee728b)
Start importing Assets/Pandazole_Ultimate_Pack/Pandazole Simple Game Pack/Prefabs/Prop_HomeLamp_01.prefab using Guid(54347665f552b5947b0c94d664faf2bd) Importer(815301076,1909f56bfc062723c751e8b465ee728b)  -> (artifact id: 'e7b78affb5e4e924b9cfbb9e5076def4') in 0.014079 seconds 
========================================================================
Received Import Request.
  Time since last request: 25.159174 seconds.
  path: Assets/Pandazole_Ultimate_Pack/Pandazole Simple Game Pack/Models/BaseballBat_01.fbx
  artifactKey: Guid(49009f73cfd746e41917b088cf8e0b9f) Importer(815301076,1909f56bfc062723c751e8b465ee728b)
Start importing Assets/Pandazole_Ultimate_Pack/Pandazole Simple Game Pack/Models/BaseballBat_01.fbx using Guid(49009f73cfd746e41917b088cf8e0b9f) Importer(815301076,1909f56bfc062723c751e8b465ee728b)  -> (artifact id: 'dbd4edfaed7517ab814645e860e66767') in 0.042684 seconds 
========================================================================
Received Import Request.
  Time since last request: 0.000026 seconds.
  path: Assets/Pandazole_Ultimate_Pack/Pandazole Simple Game Pack/Models/Env_CommercialBuilding_01.fbx
  artifactKey: Guid(b858118c219cf7f40bb10b5024b81cfd) Importer(815301076,1909f56bfc062723c751e8b465ee728b)
Start importing Assets/Pandazole_Ultimate_Pack/Pandazole Simple Game Pack/Models/Env_CommercialBuilding_01.fbx using Guid(b858118c219cf7f40bb10b5024b81cfd) Importer(815301076,1909f56bfc062723c751e8b465ee728b)  -> (artifact id: '15873f38e19044fe67714cf180800821') in 0.075632 seconds 
========================================================================
Received Import Request.
  Time since last request: 0.000027 seconds.
  path: Assets/Pandazole_Ultimate_Pack/Pandazole Simple Game Pack/Models/Env_Road_Straight_02.fbx
  artifactKey: Guid(10d25393721ede84facb77671a13a7a4) Importer(815301076,1909f56bfc062723c751e8b465ee728b)
Start importing Assets/Pandazole_Ultimate_Pack/Pandazole Simple Game Pack/Models/Env_Road_Straight_02.fbx using Guid(10d25393721ede84facb77671a13a7a4) Importer(815301076,1909f56bfc062723c751e8b465ee728b)  -> (artifact id: '2c0a408fe616a456efe7704b5a5127ad') in 0.014291 seconds 
========================================================================
Received Import Request.
  Time since last request: 0.000025 seconds.
  path: Assets/Pandazole_Ultimate_Pack/Pandazole Simple Game Pack/Models/Bow_01.fbx
  artifactKey: Guid(e49c34c61dd80764db868d5cfd702f06) Importer(815301076,1909f56bfc062723c751e8b465ee728b)
Start importing Assets/Pandazole_Ultimate_Pack/Pandazole Simple Game Pack/Models/Bow_01.fbx using Guid(e49c34c61dd80764db868d5cfd702f06) Importer(815301076,1909f56bfc062723c751e8b465ee728b)  -> (artifact id: '0b82e02b531db0be0530224acc75d5d3') in 0.014407 seconds 
========================================================================
Received Import Request.
  Time since last request: 0.000031 seconds.
  path: Assets/Pandazole_Ultimate_Pack/Pandazole Simple Game Pack/Models/GlassBottle_01.fbx
  artifactKey: Guid(a9ef07fdc9b4067499cb418e3125f4ac) Importer(815301076,1909f56bfc062723c751e8b465ee728b)
Start importing Assets/Pandazole_Ultimate_Pack/Pandazole Simple Game Pack/Models/GlassBottle_01.fbx using Guid(a9ef07fdc9b4067499cb418e3125f4ac) Importer(815301076,1909f56bfc062723c751e8b465ee728b)  -> (artifact id: 'ab4dd714db61858a8405648d7c6f2b83') in 0.013108 seconds 
========================================================================
Received Import Request.
  Time since last request: 0.000035 seconds.
  path: Assets/Pandazole_Ultimate_Pack/Pandazole Simple Game Pack/Models/Prop_RoadCone_01.fbx
  artifactKey: Guid(c2e71be92eb0f054b9cd00580b4f51fa) Importer(815301076,1909f56bfc062723c751e8b465ee728b)
Start importing Assets/Pandazole_Ultimate_Pack/Pandazole Simple Game Pack/Models/Prop_RoadCone_01.fbx using Guid(c2e71be92eb0f054b9cd00580b4f51fa) Importer(815301076,1909f56bfc062723c751e8b465ee728b)  -> (artifact id: '4c15c9faef067c11fe69ac8ceb85439c') in 0.014437 seconds 
========================================================================
Received Import Request.
  Time since last request: 0.000022 seconds.
  path: Assets/Pandazole_Ultimate_Pack/Pandazole Simple Game Pack/Models/GroundBase_01.fbx
  artifactKey: Guid(cdca5cb319d0e0140b287caa07d1aeb6) Importer(815301076,1909f56bfc062723c751e8b465ee728b)
Start importing Assets/Pandazole_Ultimate_Pack/Pandazole Simple Game Pack/Models/GroundBase_01.fbx using Guid(cdca5cb319d0e0140b287caa07d1aeb6) Importer(815301076,1909f56bfc062723c751e8b465ee728b)  -> (artifact id: 'c4a0ee0ee33d065d54a83c02b82c4987') in 0.013598 seconds 
========================================================================
Received Import Request.
  Time since last request: 0.000034 seconds.
  path: Assets/Pandazole_Ultimate_Pack/Pandazole Simple Game Pack/Models/Env_Motel_01.fbx
  artifactKey: Guid(2c46d4de4e95db541917edeeeba6539e) Importer(815301076,1909f56bfc062723c751e8b465ee728b)
Start importing Assets/Pandazole_Ultimate_Pack/Pandazole Simple Game Pack/Models/Env_Motel_01.fbx using Guid(2c46d4de4e95db541917edeeeba6539e) Importer(815301076,1909f56bfc062723c751e8b465ee728b)  -> (artifact id: 'de7085c0e6467960baa340766b9214b0') in 0.015826 seconds 
========================================================================
Received Import Request.
  Time since last request: 0.000028 seconds.
  path: Assets/Pandazole_Ultimate_Pack/Pandazole Simple Game Pack/Models/Env_Road_Straight_01.fbx
  artifactKey: Guid(826bcfeb16d117f4f825964ba4710656) Importer(815301076,1909f56bfc062723c751e8b465ee728b)
Start importing Assets/Pandazole_Ultimate_Pack/Pandazole Simple Game Pack/Models/Env_Road_Straight_01.fbx using Guid(826bcfeb16d117f4f825964ba4710656) Importer(815301076,1909f56bfc062723c751e8b465ee728b)  -> (artifact id: '9985bf3d44e1bdc4f058c23d487bc78f') in 0.013467 seconds 
========================================================================
Received Import Request.
  Time since last request: 0.830244 seconds.
  path: Assets/Pandazole_Ultimate_Pack/Pandazole Simple Game Pack/Models/Prop_Table_01.fbx
  artifactKey: Guid(a72c0a97e150a614db3b2937b6ad79d3) Importer(815301076,1909f56bfc062723c751e8b465ee728b)
Start importing Assets/Pandazole_Ultimate_Pack/Pandazole Simple Game Pack/Models/Prop_Table_01.fbx using Guid(a72c0a97e150a614db3b2937b6ad79d3) Importer(815301076,1909f56bfc062723c751e8b465ee728b)  -> (artifact id: '4c696cb6f143fcb1957c54e9605f7cd2') in 0.021496 seconds 
========================================================================
Received Import Request.
  Time since last request: 0.000032 seconds.
  path: Assets/Pandazole_Ultimate_Pack/Pandazole Simple Game Pack/Models/Prop_TV_Table.fbx
  artifactKey: Guid(7f48423f4a1bcc648b674307831b0a6c) Importer(815301076,1909f56bfc062723c751e8b465ee728b)
Start importing Assets/Pandazole_Ultimate_Pack/Pandazole Simple Game Pack/Models/Prop_TV_Table.fbx using Guid(7f48423f4a1bcc648b674307831b0a6c) Importer(815301076,1909f56bfc062723c751e8b465ee728b)  -> (artifact id: '024a95ab5f8463c6fb6def54fc915cda') in 0.045619 seconds 
========================================================================
Received Import Request.
  Time since last request: 0.000028 seconds.
  path: Assets/Pandazole_Ultimate_Pack/Pandazole Simple Game Pack/Models/WallCornor_01.fbx
  artifactKey: Guid(351b849258ca4814d968df1c3191cfff) Importer(815301076,1909f56bfc062723c751e8b465ee728b)
Start importing Assets/Pandazole_Ultimate_Pack/Pandazole Simple Game Pack/Models/WallCornor_01.fbx using Guid(351b849258ca4814d968df1c3191cfff) Importer(815301076,1909f56bfc062723c751e8b465ee728b)  -> (artifact id: 'e00abf782ae4b6ab49250765f95d921f') in 0.012563 seconds 
========================================================================
Received Import Request.
  Time since last request: 0.000026 seconds.
  path: Assets/Pandazole_Ultimate_Pack/Pandazole Simple Game Pack/Models/Prop_Wall_01.fbx
  artifactKey: Guid(e5cd99ce43cd3e846ac83be46b01e725) Importer(815301076,1909f56bfc062723c751e8b465ee728b)
Start importing Assets/Pandazole_Ultimate_Pack/Pandazole Simple Game Pack/Models/Prop_Wall_01.fbx using Guid(e5cd99ce43cd3e846ac83be46b01e725) Importer(815301076,1909f56bfc062723c751e8b465ee728b)  -> (artifact id: '3c3adf8a516ee744b680aca21c2e5b4f') in 0.014750 seconds 
========================================================================
Received Import Request.
  Time since last request: 0.000033 seconds.
  path: Assets/Pandazole_Ultimate_Pack/Pandazole Simple Game Pack/Models/Prop_TrashBag_01.fbx
  artifactKey: Guid(329369e77b30e5c4d9c682e9e42e88e4) Importer(815301076,1909f56bfc062723c751e8b465ee728b)
Start importing Assets/Pandazole_Ultimate_Pack/Pandazole Simple Game Pack/Models/Prop_TrashBag_01.fbx using Guid(329369e77b30e5c4d9c682e9e42e88e4) Importer(815301076,1909f56bfc062723c751e8b465ee728b)  -> (artifact id: '47d7c4b69201458ccf0229d28bc0cef8') in 0.016233 seconds 
========================================================================
Received Import Request.
  Time since last request: 0.000035 seconds.
  path: Assets/Pandazole_Ultimate_Pack/Pandazole Simple Game Pack/Models/Prop_TrashCan_01.fbx
  artifactKey: Guid(941e7a788bfefee49855b5561d019daa) Importer(815301076,1909f56bfc062723c751e8b465ee728b)
Start importing Assets/Pandazole_Ultimate_Pack/Pandazole Simple Game Pack/Models/Prop_TrashCan_01.fbx using Guid(941e7a788bfefee49855b5561d019daa) Importer(815301076,1909f56bfc062723c751e8b465ee728b)  -> (artifact id: 'f708c7b3110a4b0933401199edba1805') in 0.013146 seconds 
========================================================================
Received Prepare
Registering precompiled user dll's ...
Registered in 0.007088 seconds.
Begin MonoManager ReloadAssembly
Symbol file LoadedFromMemory doesn't match image D:\unti\My project (15)\Library\PackageCache\com.unity.visualscripting@1.7.8\Editor\VisualScripting.Core\Dependencies\YamlDotNet\Unity.VisualScripting.YamlDotNet.dll
Symbol file LoadedFromMemory doesn't match image D:\unti\My project (15)\Library\PackageCache\com.unity.visualscripting@1.7.8\Editor\VisualScripting.Core\Dependencies\DotNetZip\Unity.VisualScripting.IonicZip.dll
Native extension for WindowsStandalone target not found
Refreshing native plugins compatible for Editor in 0.69 ms, found 3 plugins.
Preloading 0 native plugins for Editor in 0.00 ms.
Mono: successfully reloaded assembly
- Completed reload, in  1.255 seconds
Domain Reload Profiling:
	ReloadAssembly (1256ms)
		BeginReloadAssembly (142ms)
			ExecutionOrderSort (0ms)
			DisableScriptedObjects (5ms)
			BackupInstance (0ms)
			ReleaseScriptingObjects (0ms)
			CreateAndSetChildDomain (47ms)
		EndReloadAssembly (1005ms)
			LoadAssemblies (92ms)
			RebuildTransferFunctionScriptingTraits (0ms)
			SetupTypeCache (363ms)
				TypeCache.Initialize (358ms)
					TypeCache.ScanAssembly (349ms)
				ResolveRequiredComponents (5ms)
			ReleaseScriptCaches (1ms)
			RebuildScriptCaches (58ms)
			SetupLoadedEditorAssemblies (413ms)
				LogAssemblyErrors (0ms)
				InitializePlatformSupportModulesInManaged (13ms)
				SetLoadedEditorAssemblies (8ms)
				RefreshPlugins (1ms)
				BeforeProcessingInitializeOnLoad (74ms)
				ProcessInitializeOnLoadAttributes (276ms)
				ProcessInitializeOnLoadMethodAttributes (35ms)
				AfterProcessingInitializeOnLoad (4ms)
				EditorAssembliesLoaded (0ms)
			ExecutionOrderSort2 (0ms)
			AwakeInstancesAfterBackupRestoration (17ms)
Platform modules already initialized, skipping
Refreshing native plugins compatible for Editor in 4.04 ms, found 3 plugins.
Preloading 0 native plugins for Editor in 0.00 ms.
Unloading 3398 Unused Serialized files (Serialized files now loaded: 0)
Unloading 19 unused Assets / (25.5 KB). Loaded Objects now: 3879.
Memory consumption went from 0.51 GB to 0.51 GB.
Total: 6.422700 ms (FindLiveObjects: 0.395600 ms CreateObjectMapping: 0.408700 ms MarkObjects: 5.541700 ms  DeleteObjects: 0.075500 ms)

AssetImportParameters requested are different than current active one (requested -> active):
  custom:video-decoder-ogg-theora: a1e56fd34408186e4bbccfd4996cb3dc -> 
  custom:container-muxer-webm: aa71ff27fc2769a1b78a27578f13a17b -> 
  custom:container-demuxer-webm: 4f35f7cbe854078d1ac9338744f61a02 -> 
  custom:video-encoder-webm-vp8: eb34c28f22e8b96e1ab97ce403110664 -> 
  custom:audio-encoder-webm-vorbis: bf7c407c2cedff20999df2af8eb42d56 -> 
  custom:framework-win-MediaFoundation: 216162199b28c13a410421893ffa2e32 -> 
  custom:container-demuxer-ogg: 62fdf1f143b41e24485cea50d1cbac27 -> 
  custom:video-decoder-webm-vp8: 9c59270c3fd7afecdb556c50c9e8de78 -> 
  custom:audio-decoder-ogg-vorbis: bf7c407c2cedff20999df2af8eb42d56 -> 
========================================================================
Received Prepare
Registering precompiled user dll's ...
Registered in 0.005070 seconds.
Begin MonoManager ReloadAssembly
Symbol file LoadedFromMemory doesn't match image D:\unti\My project (15)\Library\PackageCache\com.unity.visualscripting@1.7.8\Editor\VisualScripting.Core\Dependencies\YamlDotNet\Unity.VisualScripting.YamlDotNet.dll
Symbol file LoadedFromMemory doesn't match image D:\unti\My project (15)\Library\PackageCache\com.unity.visualscripting@1.7.8\Editor\VisualScripting.Core\Dependencies\DotNetZip\Unity.VisualScripting.IonicZip.dll
Native extension for WindowsStandalone target not found
Refreshing native plugins compatible for Editor in 0.84 ms, found 3 plugins.
Preloading 0 native plugins for Editor in 0.00 ms.
Mono: successfully reloaded assembly
- Completed reload, in  1.208 seconds
Domain Reload Profiling:
	ReloadAssembly (1209ms)
		BeginReloadAssembly (137ms)
			ExecutionOrderSort (0ms)
			DisableScriptedObjects (6ms)
			BackupInstance (0ms)
			ReleaseScriptingObjects (0ms)
			CreateAndSetChildDomain (39ms)
		EndReloadAssembly (968ms)
			LoadAssemblies (92ms)
			RebuildTransferFunctionScriptingTraits (0ms)
			SetupTypeCache (331ms)
				TypeCache.Initialize (327ms)
					TypeCache.ScanAssembly (318ms)
				ResolveRequiredComponents (5ms)
			ReleaseScriptCaches (1ms)
			RebuildScriptCaches (58ms)
			SetupLoadedEditorAssemblies (401ms)
				LogAssemblyErrors (0ms)
				InitializePlatformSupportModulesInManaged (14ms)
				SetLoadedEditorAssemblies (7ms)
				RefreshPlugins (1ms)
				BeforeProcessingInitializeOnLoad (71ms)
				ProcessInitializeOnLoadAttributes (268ms)
				ProcessInitializeOnLoadMethodAttributes (34ms)
				AfterProcessingInitializeOnLoad (5ms)
				EditorAssembliesLoaded (1ms)
			ExecutionOrderSort2 (0ms)
			AwakeInstancesAfterBackupRestoration (17ms)
Platform modules already initialized, skipping
Refreshing native plugins compatible for Editor in 3.01 ms, found 3 plugins.
Preloading 0 native plugins for Editor in 0.00 ms.
Unloading 3399 Unused Serialized files (Serialized files now loaded: 0)
Unloading 19 unused Assets / (32.5 KB). Loaded Objects now: 3882.
Memory consumption went from 0.51 GB to 0.51 GB.
Total: 6.359300 ms (FindLiveObjects: 0.466000 ms CreateObjectMapping: 0.386100 ms MarkObjects: 5.457900 ms  DeleteObjects: 0.047900 ms)

AssetImportParameters requested are different than current active one (requested -> active):
  custom:video-decoder-ogg-theora: a1e56fd34408186e4bbccfd4996cb3dc -> 
  custom:container-muxer-webm: aa71ff27fc2769a1b78a27578f13a17b -> 
  custom:container-demuxer-webm: 4f35f7cbe854078d1ac9338744f61a02 -> 
  custom:video-encoder-webm-vp8: eb34c28f22e8b96e1ab97ce403110664 -> 
  custom:audio-encoder-webm-vorbis: bf7c407c2cedff20999df2af8eb42d56 -> 
  custom:framework-win-MediaFoundation: 216162199b28c13a410421893ffa2e32 -> 
  custom:container-demuxer-ogg: 62fdf1f143b41e24485cea50d1cbac27 -> 
  custom:video-decoder-webm-vp8: 9c59270c3fd7afecdb556c50c9e8de78 -> 
  custom:audio-decoder-ogg-vorbis: bf7c407c2cedff20999df2af8eb42d56 -> 
========================================================================
Received Import Request.
  Time since last request: 531.627186 seconds.
  path: Assets/Pandazole_Ultimate_Pack/Pandazole Simple Game Pack/Prefabs/Axe_01.prefab
  artifactKey: Guid(a028d11266903c34b845c1a69e33062d) Importer(815301076,1909f56bfc062723c751e8b465ee728b)
Start importing Assets/Pandazole_Ultimate_Pack/Pandazole Simple Game Pack/Prefabs/Axe_01.prefab using Guid(a028d11266903c34b845c1a69e33062d) Importer(815301076,1909f56bfc062723c751e8b465ee728b)  -> (artifact id: 'b275a06a637e985cc2259515400a7ea0') in 0.032227 seconds 
========================================================================
Received Import Request.
  Time since last request: 0.000020 seconds.
  path: Assets/Pandazole_Ultimate_Pack/Pandazole Simple Game Pack/Prefabs/Prop_Carpet_01.prefab
  artifactKey: Guid(9e0ef940f3c18ec4fae5bcbadf9406cb) Importer(815301076,1909f56bfc062723c751e8b465ee728b)
Start importing Assets/Pandazole_Ultimate_Pack/Pandazole Simple Game Pack/Prefabs/Prop_Carpet_01.prefab using Guid(9e0ef940f3c18ec4fae5bcbadf9406cb) Importer(815301076,1909f56bfc062723c751e8b465ee728b)  -> (artifact id: 'd7e8b1f6f8e82069f47c196d6eafcd55') in 0.005302 seconds 
========================================================================
Received Import Request.
  Time since last request: 0.000067 seconds.
  path: Assets/Pandazole_Ultimate_Pack/Pandazole Simple Game Pack/Prefabs/Prop_Paint_01.prefab
  artifactKey: Guid(46e341a6df12c6242944a0a205bd3842) Importer(815301076,1909f56bfc062723c751e8b465ee728b)
Start importing Assets/Pandazole_Ultimate_Pack/Pandazole Simple Game Pack/Prefabs/Prop_Paint_01.prefab using Guid(46e341a6df12c6242944a0a205bd3842) Importer(815301076,1909f56bfc062723c751e8b465ee728b)  -> (artifact id: '0a823f04b4ac77d1a0e954620512d0e1') in 0.004503 seconds 
========================================================================
Received Import Request.
  Time since last request: 0.000041 seconds.
  path: Assets/Pandazole_Ultimate_Pack/Pandazole Simple Game Pack/Prefabs/Prop_Sofa_01.prefab
  artifactKey: Guid(96b7ca556ce445e47830fa1101bcdd33) Importer(815301076,1909f56bfc062723c751e8b465ee728b)
Start importing Assets/Pandazole_Ultimate_Pack/Pandazole Simple Game Pack/Prefabs/Prop_Sofa_01.prefab using Guid(96b7ca556ce445e47830fa1101bcdd33) Importer(815301076,1909f56bfc062723c751e8b465ee728b)  -> (artifact id: 'de7afda474b009e308816daa8ab37a51') in 0.006528 seconds 
========================================================================
Received Import Request.
  Time since last request: 0.000020 seconds.
  path: Assets/Pandazole_Ultimate_Pack/Pandazole Simple Game Pack/Prefabs/GasTank.prefab
  artifactKey: Guid(113e7f395a0b80543aa41c82768507b2) Importer(815301076,1909f56bfc062723c751e8b465ee728b)
Start importing Assets/Pandazole_Ultimate_Pack/Pandazole Simple Game Pack/Prefabs/GasTank.prefab using Guid(113e7f395a0b80543aa41c82768507b2) Importer(815301076,1909f56bfc062723c751e8b465ee728b)  -> (artifact id: '2c5d032e290d53e40d667a1cdd3ef6c3') in 0.004643 seconds 
========================================================================
Received Import Request.
  Time since last request: 0.000037 seconds.
  path: Assets/Pandazole_Ultimate_Pack/Pandazole Simple Game Pack/Prefabs/Food_Apple.prefab
  artifactKey: Guid(e7a2a8a83b359a54f89e9c51b55f1d54) Importer(815301076,1909f56bfc062723c751e8b465ee728b)
Start importing Assets/Pandazole_Ultimate_Pack/Pandazole Simple Game Pack/Prefabs/Food_Apple.prefab using Guid(e7a2a8a83b359a54f89e9c51b55f1d54) Importer(815301076,1909f56bfc062723c751e8b465ee728b)  -> (artifact id: '17dc781ff95743ce9e051135bfb4394b') in 0.005530 seconds 
========================================================================
Received Import Request.
  Time since last request: 0.000020 seconds.
  path: Assets/Pandazole_Ultimate_Pack/Pandazole Simple Game Pack/Prefabs/Prop_Intel_01.prefab
  artifactKey: Guid(f7bfc3bf7195291478c8d3889852ebae) Importer(815301076,1909f56bfc062723c751e8b465ee728b)
Start importing Assets/Pandazole_Ultimate_Pack/Pandazole Simple Game Pack/Prefabs/Prop_Intel_01.prefab using Guid(f7bfc3bf7195291478c8d3889852ebae) Importer(815301076,1909f56bfc062723c751e8b465ee728b)  -> (artifact id: '70adf16c9b4f6e3c1af92619221f80f0') in 0.004662 seconds 
========================================================================
Received Import Request.
  Time since last request: 0.000022 seconds.
  path: Assets/Pandazole_Ultimate_Pack/Pandazole Simple Game Pack/Prefabs/Bow_01.prefab
  artifactKey: Guid(68137c2112088dd47ad3cb1b2ff2341e) Importer(815301076,1909f56bfc062723c751e8b465ee728b)
Start importing Assets/Pandazole_Ultimate_Pack/Pandazole Simple Game Pack/Prefabs/Bow_01.prefab using Guid(68137c2112088dd47ad3cb1b2ff2341e) Importer(815301076,1909f56bfc062723c751e8b465ee728b)  -> (artifact id: 'f10d06cfe48d2a5647fd122e7db4e5c1') in 0.007097 seconds 
========================================================================
Received Import Request.
  Time since last request: 0.000045 seconds.
  path: Assets/Pandazole_Ultimate_Pack/Pandazole Simple Game Pack/Prefabs/GroundBase_01.prefab
  artifactKey: Guid(d209655c06f7fe040a0f4b8c5c946bcb) Importer(815301076,1909f56bfc062723c751e8b465ee728b)
Start importing Assets/Pandazole_Ultimate_Pack/Pandazole Simple Game Pack/Prefabs/GroundBase_01.prefab using Guid(d209655c06f7fe040a0f4b8c5c946bcb) Importer(815301076,1909f56bfc062723c751e8b465ee728b)  -> (artifact id: '92ed6a3743e204bd24ed818c63e889ff') in 0.006636 seconds 
========================================================================
Received Import Request.
  Time since last request: 0.000121 seconds.
  path: Assets/Pandazole_Ultimate_Pack/Pandazole Simple Game Pack/Prefabs/Prop_Book_01.prefab
  artifactKey: Guid(2fac0727655d8f7418660fd17707e067) Importer(815301076,1909f56bfc062723c751e8b465ee728b)
Start importing Assets/Pandazole_Ultimate_Pack/Pandazole Simple Game Pack/Prefabs/Prop_Book_01.prefab using Guid(2fac0727655d8f7418660fd17707e067) Importer(815301076,1909f56bfc062723c751e8b465ee728b)  -> (artifact id: '06c84cdcde2ddd06ccb6b78e6595e90c') in 0.003998 seconds 
========================================================================
Received Import Request.
  Time since last request: 0.000021 seconds.
  path: Assets/Pandazole_Ultimate_Pack/Pandazole Simple Game Pack/Prefabs/GlassBottle_01.prefab
  artifactKey: Guid(36fee3af2a665864692eab932bef78d4) Importer(815301076,1909f56bfc062723c751e8b465ee728b)
Start importing Assets/Pandazole_Ultimate_Pack/Pandazole Simple Game Pack/Prefabs/GlassBottle_01.prefab using Guid(36fee3af2a665864692eab932bef78d4) Importer(815301076,1909f56bfc062723c751e8b465ee728b)  -> (artifact id: 'bb4c8508641236231c7d89835b13b92b') in 0.004700 seconds 
========================================================================
Received Import Request.
  Time since last request: 0.755742 seconds.
  path: Assets/Pandazole_Ultimate_Pack/Pandazole Simple Game Pack/Prefabs/Prop_StreetSign_TrafficSignals.prefab
  artifactKey: Guid(8fe53d3db716d404f9334e341dffd96a) Importer(815301076,1909f56bfc062723c751e8b465ee728b)
Start importing Assets/Pandazole_Ultimate_Pack/Pandazole Simple Game Pack/Prefabs/Prop_StreetSign_TrafficSignals.prefab using Guid(8fe53d3db716d404f9334e341dffd96a) Importer(815301076,1909f56bfc062723c751e8b465ee728b)  -> (artifact id: 'de56c9abad9742a4ea238ca58d8d58d1') in 0.059391 seconds 
========================================================================
Received Import Request.
  Time since last request: 0.000039 seconds.
  path: Assets/Pandazole_Ultimate_Pack/Pandazole Simple Game Pack/Prefabs/Prop_Wall_01.prefab
  artifactKey: Guid(f97bb3d4d89648c44ae86b5c684bc069) Importer(815301076,1909f56bfc062723c751e8b465ee728b)
Start importing Assets/Pandazole_Ultimate_Pack/Pandazole Simple Game Pack/Prefabs/Prop_Wall_01.prefab using Guid(f97bb3d4d89648c44ae86b5c684bc069) Importer(815301076,1909f56bfc062723c751e8b465ee728b)  -> (artifact id: 'd68cbabbb2c49247bff60b0c80c7eb44') in 0.004344 seconds 
========================================================================
Received Import Request.
  Time since last request: 0.000047 seconds.
  path: Assets/Pandazole_Ultimate_Pack/Pandazole Simple Game Pack/Prefabs/Prop_WallShelf_01.prefab
  artifactKey: Guid(3861c043afe2be543bbce74bc8f6db93) Importer(815301076,1909f56bfc062723c751e8b465ee728b)
Start importing Assets/Pandazole_Ultimate_Pack/Pandazole Simple Game Pack/Prefabs/Prop_WallShelf_01.prefab using Guid(3861c043afe2be543bbce74bc8f6db93) Importer(815301076,1909f56bfc062723c751e8b465ee728b)  -> (artifact id: 'd20e9022cec9ab8972255a3ea0772a60') in 0.005166 seconds 
========================================================================
Received Import Request.
  Time since last request: 0.000021 seconds.
  path: Assets/Pandazole_Ultimate_Pack/Pandazole Simple Game Pack/Prefabs/PryBar.prefab
  artifactKey: Guid(d39e5bdf17ed0c94388607833a4c866c) Importer(815301076,1909f56bfc062723c751e8b465ee728b)
Start importing Assets/Pandazole_Ultimate_Pack/Pandazole Simple Game Pack/Prefabs/PryBar.prefab using Guid(d39e5bdf17ed0c94388607833a4c866c) Importer(815301076,1909f56bfc062723c751e8b465ee728b)  -> (artifact id: 'd32e2464ab0c4aac9b4d2d0bc18f1f39') in 0.004122 seconds 
========================================================================
Received Import Request.
  Time since last request: 0.000042 seconds.
  path: Assets/Pandazole_Ultimate_Pack/Pandazole Simple Game Pack/Prefabs/Prop_Tree_04.prefab
  artifactKey: Guid(c79d4784e3704994c9e584801bed4dd3) Importer(815301076,1909f56bfc062723c751e8b465ee728b)
Start importing Assets/Pandazole_Ultimate_Pack/Pandazole Simple Game Pack/Prefabs/Prop_Tree_04.prefab using Guid(c79d4784e3704994c9e584801bed4dd3) Importer(815301076,1909f56bfc062723c751e8b465ee728b)  -> (artifact id: 'b7012694adcbdfa12598cf1dd9259917') in 0.004509 seconds 
========================================================================
Received Import Request.
  Time since last request: 0.000030 seconds.
  path: Assets/Pandazole_Ultimate_Pack/Pandazole Simple Game Pack/Prefabs/Prop_Table_01.prefab
  artifactKey: Guid(cffef0e54887ac8448c9f65303733eb6) Importer(815301076,1909f56bfc062723c751e8b465ee728b)
Start importing Assets/Pandazole_Ultimate_Pack/Pandazole Simple Game Pack/Prefabs/Prop_Table_01.prefab using Guid(cffef0e54887ac8448c9f65303733eb6) Importer(815301076,1909f56bfc062723c751e8b465ee728b)  -> (artifact id: '9d606330a8447d2064346e703d2353fe') in 0.006358 seconds 
========================================================================
Received Import Request.
  Time since last request: 17.266033 seconds.
  path: Assets/Pandazole_Ultimate_Pack/Pandazole Simple Game Pack/Prefabs/Env_Motel_01.prefab
  artifactKey: Guid(deaa7bf5c66d02d4387274bea9212f79) Importer(815301076,1909f56bfc062723c751e8b465ee728b)
Start importing Assets/Pandazole_Ultimate_Pack/Pandazole Simple Game Pack/Prefabs/Env_Motel_01.prefab using Guid(deaa7bf5c66d02d4387274bea9212f79) Importer(815301076,1909f56bfc062723c751e8b465ee728b)  -> (artifact id: '88410f171e20c23a3805ed89aec9ee77') in 0.003768 seconds 
========================================================================
Received Import Request.
  Time since last request: 0.000033 seconds.
  path: Assets/Pandazole_Ultimate_Pack/Pandazole Simple Game Pack/Prefabs/Env_Road_End_02.prefab
  artifactKey: Guid(4f04aa6fd2801ac4b995145cee649fa1) Importer(815301076,1909f56bfc062723c751e8b465ee728b)
Start importing Assets/Pandazole_Ultimate_Pack/Pandazole Simple Game Pack/Prefabs/Env_Road_End_02.prefab using Guid(4f04aa6fd2801ac4b995145cee649fa1) Importer(815301076,1909f56bfc062723c751e8b465ee728b)  -> (artifact id: '3c018dcd1c4b4118010d31b7f3430d8a') in 0.004274 seconds 
========================================================================
Received Import Request.
  Time since last request: 0.000029 seconds.
  path: Assets/Pandazole_Ultimate_Pack/Pandazole Simple Game Pack/Prefabs/Env_Road_Grass_01.prefab
  artifactKey: Guid(623f6e318aac73947a34de78282715b2) Importer(815301076,1909f56bfc062723c751e8b465ee728b)
Start importing Assets/Pandazole_Ultimate_Pack/Pandazole Simple Game Pack/Prefabs/Env_Road_Grass_01.prefab using Guid(623f6e318aac73947a34de78282715b2) Importer(815301076,1909f56bfc062723c751e8b465ee728b)  -> (artifact id: '4413b9783f5865e51ff3531cc4253c7b') in 0.005540 seconds 
========================================================================
Received Import Request.
  Time since last request: 0.000023 seconds.
  path: Assets/Pandazole_Ultimate_Pack/Pandazole Simple Game Pack/Prefabs/Prop_Bush_01.prefab
  artifactKey: Guid(cca12f5afb8ce8548ba635da63757947) Importer(815301076,1909f56bfc062723c751e8b465ee728b)
Start importing Assets/Pandazole_Ultimate_Pack/Pandazole Simple Game Pack/Prefabs/Prop_Bush_01.prefab using Guid(cca12f5afb8ce8548ba635da63757947) Importer(815301076,1909f56bfc062723c751e8b465ee728b)  -> (artifact id: '05c3a9a2f06be5a22c6ca2c54ef1f831') in 0.005203 seconds 
========================================================================
Received Import Request.
  Time since last request: 1.705578 seconds.
  path: Assets/Pandazole_Ultimate_Pack/Pandazole Simple Game Pack/Prefabs/WallCornor_01.prefab
  artifactKey: Guid(67393d030ffe2ee48872d86123583466) Importer(815301076,1909f56bfc062723c751e8b465ee728b)
Start importing Assets/Pandazole_Ultimate_Pack/Pandazole Simple Game Pack/Prefabs/WallCornor_01.prefab using Guid(67393d030ffe2ee48872d86123583466) Importer(815301076,1909f56bfc062723c751e8b465ee728b)  -> (artifact id: '829cf76cc1f176ca1e5401f6e423e3b5') in 0.004709 seconds 
========================================================================
Received Prepare
Registering precompiled user dll's ...
Registered in 0.005448 seconds.
Begin MonoManager ReloadAssembly
Symbol file LoadedFromMemory doesn't match image D:\unti\My project (15)\Library\PackageCache\com.unity.visualscripting@1.7.8\Editor\VisualScripting.Core\Dependencies\YamlDotNet\Unity.VisualScripting.YamlDotNet.dll
Symbol file LoadedFromMemory doesn't match image D:\unti\My project (15)\Library\PackageCache\com.unity.visualscripting@1.7.8\Editor\VisualScripting.Core\Dependencies\DotNetZip\Unity.VisualScripting.IonicZip.dll
Native extension for WindowsStandalone target not found
Refreshing native plugins compatible for Editor in 0.80 ms, found 3 plugins.
Preloading 0 native plugins for Editor in 0.00 ms.
Mono: successfully reloaded assembly
- Completed reload, in  1.440 seconds
Domain Reload Profiling:
	ReloadAssembly (1441ms)
		BeginReloadAssembly (154ms)
			ExecutionOrderSort (0ms)
			DisableScriptedObjects (6ms)
			BackupInstance (0ms)
			ReleaseScriptingObjects (0ms)
			CreateAndSetChildDomain (43ms)
		EndReloadAssembly (1152ms)
			LoadAssemblies (115ms)
			RebuildTransferFunctionScriptingTraits (0ms)
			SetupTypeCache (425ms)
				TypeCache.Initialize (420ms)
					TypeCache.ScanAssembly (410ms)
				ResolveRequiredComponents (5ms)
			ReleaseScriptCaches (2ms)
			RebuildScriptCaches (62ms)
			SetupLoadedEditorAssemblies (469ms)
				LogAssemblyErrors (0ms)
				InitializePlatformSupportModulesInManaged (18ms)
				SetLoadedEditorAssemblies (9ms)
				RefreshPlugins (1ms)
				BeforeProcessingInitializeOnLoad (84ms)
				ProcessInitializeOnLoadAttributes (315ms)
				ProcessInitializeOnLoadMethodAttributes (38ms)
				AfterProcessingInitializeOnLoad (4ms)
				EditorAssembliesLoaded (0ms)
			ExecutionOrderSort2 (0ms)
			AwakeInstancesAfterBackupRestoration (17ms)
Platform modules already initialized, skipping
Refreshing native plugins compatible for Editor in 3.87 ms, found 3 plugins.
Preloading 0 native plugins for Editor in 0.00 ms.
Unloading 3398 Unused Serialized files (Serialized files now loaded: 0)
Unloading 19 unused Assets / (25.4 KB). Loaded Objects now: 3885.
Memory consumption went from 0.51 GB to 0.51 GB.
Total: 6.477200 ms (FindLiveObjects: 0.879000 ms CreateObjectMapping: 0.565400 ms MarkObjects: 4.971200 ms  DeleteObjects: 0.060100 ms)

AssetImportParameters requested are different than current active one (requested -> active):
  custom:video-decoder-ogg-theora: a1e56fd34408186e4bbccfd4996cb3dc -> 
  custom:container-muxer-webm: aa71ff27fc2769a1b78a27578f13a17b -> 
  custom:container-demuxer-webm: 4f35f7cbe854078d1ac9338744f61a02 -> 
  custom:video-encoder-webm-vp8: eb34c28f22e8b96e1ab97ce403110664 -> 
  custom:audio-encoder-webm-vorbis: bf7c407c2cedff20999df2af8eb42d56 -> 
  custom:framework-win-MediaFoundation: 216162199b28c13a410421893ffa2e32 -> 
  custom:container-demuxer-ogg: 62fdf1f143b41e24485cea50d1cbac27 -> 
  custom:video-decoder-webm-vp8: 9c59270c3fd7afecdb556c50c9e8de78 -> 
  custom:audio-decoder-ogg-vorbis: bf7c407c2cedff20999df2af8eb42d56 -> 
Editor requested this worker to shutdown with reason: Scaling down because of idle timeout
AssetImportWorker is now disconnected from the server
Process exiting
Exiting without the bug reporter. Application will terminate with return code 0